# JRE version: OpenJDK Runtime Environment (8.0_152-b01) (build 1.8.0_152-release-1343-b01)
# Java VM: OpenJDK 64-Bit Server VM (25.152-b01 mixed mode windows-amd64 compressed oops)
Heap:
 PSYoungGen      total 152064K, used 75854K [0x00000000e0000000, 0x00000000ead80000, 0x0000000100000000)
  eden space 136192K, 46% used [0x00000000e0000000,0x00000000e3d63e50,0x00000000e8500000)
  from space 15872K, 81% used [0x00000000e8500000,0x00000000e91afd58,0x00000000e9480000)
  to   space 16896K, 0% used [0x00000000e9d00000,0x00000000e9d00000,0x00000000ead80000)
 ParOldGen       total 134144K, used 47072K [0x00000000a0000000, 0x00000000a8300000, 0x00000000e0000000)
  object space 134144K, 35% used [0x00000000a0000000,0x00000000a2df8128,0x00000000a8300000)
 Metaspace       used 73497K, capacity 76232K, committed 76504K, reserved 1116160K
  class space    used 9569K, capacity 10145K, committed 10240K, reserved 1048576K
GC Heap History (10 events):
Event: 32.993 GC heap before
{Heap before GC invocations=16 (full 2):
 PSYoungGen      total 109056K, used 71882K [0x00000000e0000000, 0x00000000e9400000, 0x0000000100000000)
  eden space 96768K, 63% used [0x00000000e0000000,0x00000000e3c02860,0x00000000e5e80000)
  from space 12288K, 84% used [0x00000000e5e80000,0x00000000e68b0368,0x00000000e6a80000)
  to   space 13312K, 0% used [0x00000000e8700000,0x00000000e8700000,0x00000000e9400000)
 ParOldGen       total 86528K, used 20637K [0x00000000a0000000, 0x00000000a5480000, 0x00000000e0000000)
  object space 86528K, 23% used [0x00000000a0000000,0x00000000a1427540,0x00000000a5480000)
 Metaspace       used 57431K, capacity 58960K, committed 59096K, reserved 1099776K
  class space    used 7766K, capacity 8116K, committed 8192K, reserved 1048576K
Event: 33.013 GC heap after
Heap after GC invocations=16 (full 2):
 PSYoungGen      total 138752K, used 6814K [0x00000000e0000000, 0x00000000e9600000, 0x0000000100000000)
  eden space 125440K, 0% used [0x00000000e0000000,0x00000000e0000000,0x00000000e7a80000)
  from space 13312K, 51% used [0x00000000e8700000,0x00000000e8da79a0,0x00000000e9400000)
  to   space 12800K, 0% used [0x00000000e7a80000,0x00000000e7a80000,0x00000000e8700000)
 ParOldGen       total 86528K, used 25527K [0x00000000a0000000, 0x00000000a5480000, 0x00000000e0000000)
  object space 86528K, 29% used [0x00000000a0000000,0x00000000a18eddf8,0x00000000a5480000)
 Metaspace       used 57431K, capacity 58960K, committed 59096K, reserved 1099776K
  class space    used 7766K, capacity 8116K, committed 8192K, reserved 1048576K
}
Event: 33.013 GC heap before
{Heap before GC invocations=17 (full 3):
 PSYoungGen      total 138752K, used 6814K [0x00000000e0000000, 0x00000000e9600000, 0x0000000100000000)
  eden space 125440K, 0% used [0x00000000e0000000,0x00000000e0000000,0x00000000e7a80000)
  from space 13312K, 51% used [0x00000000e8700000,0x00000000e8da79a0,0x00000000e9400000)
  to   space 12800K, 0% used [0x00000000e7a80000,0x00000000e7a80000,0x00000000e8700000)
 ParOldGen       total 86528K, used 25527K [0x00000000a0000000, 0x00000000a5480000, 0x00000000e0000000)
  object space 86528K, 29% used [0x00000000a0000000,0x00000000a18eddf8,0x00000000a5480000)
 Metaspace       used 57431K, capacity 58960K, committed 59096K, reserved 1099776K
  class space    used 7766K, capacity 8116K, committed 8192K, reserved 1048576K
Event: 33.743 GC heap after
Heap after GC invocations=17 (full 3):
 PSYoungGen      total 138752K, used 0K [0x00000000e0000000, 0x00000000e9600000, 0x0000000100000000)
  eden space 125440K, 0% used [0x00000000e0000000,0x00000000e0000000,0x00000000e7a80000)
  from space 13312K, 0% used [0x00000000e8700000,0x00000000e8700000,0x00000000e9400000)
  to   space 12800K, 0% used [0x00000000e7a80000,0x00000000e7a80000,0x00000000e8700000)
 ParOldGen       total 134144K, used 31140K [0x00000000a0000000, 0x00000000a8300000, 0x00000000e0000000)
  object space 134144K, 23% used [0x00000000a0000000,0x00000000a1e69308,0x00000000a8300000)
 Metaspace       used 57431K, capacity 58960K, committed 59096K, reserved 1099776K
  class space    used 7766K, capacity 8116K, committed 8192K, reserved 1048576K
}
Event: 57.919 GC heap before
{Heap before GC invocations=18 (full 3):
 PSYoungGen      total 138752K, used 125440K [0x00000000e0000000, 0x00000000e9600000, 0x0000000100000000)
  eden space 125440K, 100% used [0x00000000e0000000,0x00000000e7a80000,0x00000000e7a80000)
  from space 13312K, 0% used [0x00000000e8700000,0x00000000e8700000,0x00000000e9400000)
  to   space 12800K, 0% used [0x00000000e7a80000,0x00000000e7a80000,0x00000000e8700000)
 ParOldGen       total 134144K, used 31140K [0x00000000a0000000, 0x00000000a8300000, 0x00000000e0000000)
  object space 134144K, 23% used [0x00000000a0000000,0x00000000a1e69308,0x00000000a8300000)
 Metaspace       used 62216K, capacity 64166K, committed 64216K, reserved 1103872K
  class space    used 8461K, capacity 8925K, committed 8960K, reserved 1048576K
Event: 57.935 GC heap after
Heap after GC invocations=18 (full 3):
 PSYoungGen      total 138240K, used 8666K [0x00000000e0000000, 0x00000000ea100000, 0x0000000100000000)
  eden space 125440K, 0% used [0x00000000e0000000,0x00000000e0000000,0x00000000e7a80000)
  from space 12800K, 67% used [0x00000000e7a80000,0x00000000e82f6958,0x00000000e8700000)
  to   space 12800K, 0% used [0x00000000e9480000,0x00000000e9480000,0x00000000ea100000)
 ParOldGen       total 134144K, used 31148K [0x00000000a0000000, 0x00000000a8300000, 0x00000000e0000000)
  object space 134144K, 23% used [0x00000000a0000000,0x00000000a1e6b308,0x00000000a8300000)
 Metaspace       used 62216K, capacity 64166K, committed 64216K, reserved 1103872K
  class space    used 8461K, capacity 8925K, committed 8960K, reserved 1048576K
}
Event: 357.460 GC heap before
{Heap before GC invocations=19 (full 3):
 PSYoungGen      total 138240K, used 134106K [0x00000000e0000000, 0x00000000ea100000, 0x0000000100000000)
  eden space 125440K, 100% used [0x00000000e0000000,0x00000000e7a80000,0x00000000e7a80000)
  from space 12800K, 67% used [0x00000000e7a80000,0x00000000e82f6958,0x00000000e8700000)
  to   space 12800K, 0% used [0x00000000e9480000,0x00000000e9480000,0x00000000ea100000)
 ParOldGen       total 134144K, used 31148K [0x00000000a0000000, 0x00000000a8300000, 0x00000000e0000000)
  object space 134144K, 23% used [0x00000000a0000000,0x00000000a1e6b308,0x00000000a8300000)
 Metaspace       used 69089K, capacity 71816K, committed 71896K, reserved 1112064K
  class space    used 9149K, capacity 9709K, committed 9728K, reserved 1048576K
Event: 357.698 GC heap after
Heap after GC invocations=19 (full 3):
 PSYoungGen      total 148992K, used 12782K [0x00000000e0000000, 0x00000000ea480000, 0x0000000100000000)
  eden space 136192K, 0% used [0x00000000e0000000,0x00000000e0000000,0x00000000e8500000)
  from space 12800K, 99% used [0x00000000e9480000,0x00000000ea0fba98,0x00000000ea100000)
  to   space 15872K, 0% used [0x00000000e8500000,0x00000000e8500000,0x00000000e9480000)
 ParOldGen       total 134144K, used 34997K [0x00000000a0000000, 0x00000000a8300000, 0x00000000e0000000)
  object space 134144K, 26% used [0x00000000a0000000,0x00000000a222d408,0x00000000a8300000)
 Metaspace       used 69089K, capacity 71816K, committed 71896K, reserved 1112064K
  class space    used 9149K, capacity 9709K, committed 9728K, reserved 1048576K
}
Event: 395.670 GC heap before
{Heap before GC invocations=20 (full 3):
 PSYoungGen      total 148992K, used 148974K [0x00000000e0000000, 0x00000000ea480000, 0x0000000100000000)
  eden space 136192K, 100% used [0x00000000e0000000,0x00000000e8500000,0x00000000e8500000)
  from space 12800K, 99% used [0x00000000e9480000,0x00000000ea0fba98,0x00000000ea100000)
  to   space 15872K, 0% used [0x00000000e8500000,0x00000000e8500000,0x00000000e9480000)
 ParOldGen       total 134144K, used 34997K [0x00000000a0000000, 0x00000000a8300000, 0x00000000e0000000)
  object space 134144K, 26% used [0x00000000a0000000,0x00000000a222d408,0x00000000a8300000)
 Metaspace       used 70685K, capacity 73406K, committed 73688K, reserved 1114112K
  class space    used 9290K, capacity 9886K, committed 9984K, reserved 1048576K
Event: 395.803 GC heap after
Heap after GC invocations=20 (full 3):
 PSYoungGen      total 152064K, used 12991K [0x00000000e0000000, 0x00000000ead80000, 0x0000000100000000)
  eden space 136192K, 0% used [0x00000000e0000000,0x00000000e0000000,0x00000000e8500000)
  from space 15872K, 81% used [0x00000000e8500000,0x00000000e91afd58,0x00000000e9480000)
  to   space 16896K, 0% used [0x00000000e9d00000,0x00000000e9d00000,0x00000000ead80000)
 ParOldGen       total 134144K, used 47072K [0x00000000a0000000, 0x00000000a8300000, 0x00000000e0000000)
  object space 134144K, 35% used [0x00000000a0000000,0x00000000a2df8128,0x00000000a8300000)
 Metaspace       used 70685K, capacity 73406K, committed 73688K, reserved 1114112K
  class space    used 9290K, capacity 9886K, committed 9984K, reserved 1048576K
}

